<?xml version="1.0" encoding="UTF-8"?>
<!-- Generated by org.testng.reporters.JUnitReportReporter -->
<testsuite hostname="Chandra" name="BroadleafcommerceWeb.Automation.DB1_Registration" tests="1" failures="0" timestamp="4 Jan 2015 17:53:49 GMT" time="17.540" errors="0">
  <testcase name="DB1_registration" time="17.540" classname="BroadleafcommerceWeb.Automation.DB1_Registration"/>
</testsuite> <!-- BroadleafcommerceWeb.Automation.DB1_Registration -->
