<?xml version="1.0" encoding="UTF-8"?>
<!-- Generated by org.testng.reporters.JUnitReportReporter -->
<testsuite hostname="Chandra" name="BroadleafcommerceWeb.Automation.DB7_Reguser_Chkout_ByRegister" tests="1" failures="0" timestamp="4 Jan 2015 17:53:49 GMT" time="40.576" errors="0">
  <testcase name="DB7_reguser_chkout_byRegister" time="40.576" classname="BroadleafcommerceWeb.Automation.DB7_Reguser_Chkout_ByRegister"/>
</testsuite> <!-- BroadleafcommerceWeb.Automation.DB7_Reguser_Chkout_ByRegister -->
