<?xml version="1.0" encoding="UTF-8"?>
<!-- Generated by org.testng.reporters.JUnitReportReporter -->
<testsuite hostname="Chandra" name="BroadleafcommerceWeb.Automation.DB3_Reguser_Checkout" tests="1" failures="0" timestamp="4 Jan 2015 17:53:49 GMT" time="42.125" errors="0">
  <testcase name="DB3_reguser_checkout" time="42.125" classname="BroadleafcommerceWeb.Automation.DB3_Reguser_Checkout"/>
</testsuite> <!-- BroadleafcommerceWeb.Automation.DB3_Reguser_Checkout -->
