<?xml version="1.0" encoding="UTF-8"?>
<!-- Generated by org.testng.reporters.JUnitReportReporter -->
<testsuite hostname="Chandra" name="BroadleafcommerceWeb.Automation.DB2_Guestchkout_SameBilingShipping" tests="1" failures="0" timestamp="4 Jan 2015 17:53:49 GMT" time="37.684" errors="0">
  <testcase name="DB2_guestchkout_sameBilingShipping" time="37.684" classname="BroadleafcommerceWeb.Automation.DB2_Guestchkout_SameBilingShipping"/>
</testsuite> <!-- BroadleafcommerceWeb.Automation.DB2_Guestchkout_SameBilingShipping -->
