<?xml version="1.0" encoding="UTF-8"?>
<!-- Generated by org.testng.reporters.JUnitReportReporter -->
<testsuite hostname="Chandra" name="BroadleafcommerceWeb.Automation.DB2_Login_Logout" tests="1" failures="0" timestamp="4 Jan 2015 17:53:49 GMT" time="19.258" errors="0">
  <testcase name="DB2_login_logout" time="19.258" classname="BroadleafcommerceWeb.Automation.DB2_Login_Logout"/>
</testsuite> <!-- BroadleafcommerceWeb.Automation.DB2_Login_Logout -->
