<?xml version="1.0" encoding="UTF-8"?>
<!-- Generated by org.testng.reporters.JUnitReportReporter -->
<testsuite hostname="Chandra" name="BroadleafcommerceWeb.Automation.DB4_RegUserchkout_SameBillingShipping" tests="1" failures="0" timestamp="4 Jan 2015 17:53:49 GMT" time="40.533" errors="0">
  <testcase name="DB4_regUserchkout_sameBillingShipping" time="40.533" classname="BroadleafcommerceWeb.Automation.DB4_RegUserchkout_SameBillingShipping"/>
</testsuite> <!-- BroadleafcommerceWeb.Automation.DB4_RegUserchkout_SameBillingShipping -->
