<?xml version="1.0" encoding="UTF-8"?>
<!-- Generated by org.testng.reporters.JUnitReportReporter -->
<testsuite hostname="Chandra" name="BroadleafcommerceWeb.Automation.DB6_Search_Product" tests="1" failures="0" timestamp="4 Jan 2015 17:53:49 GMT" time="33.612" errors="0">
  <testcase name="DB6_search_product" time="33.612" classname="BroadleafcommerceWeb.Automation.DB6_Search_Product"/>
</testsuite> <!-- BroadleafcommerceWeb.Automation.DB6_Search_Product -->
