<?xml version="1.0" encoding="UTF-8"?>
<!-- Generated by org.testng.reporters.JUnitReportReporter -->
<testsuite hostname="Chandra" name="BroadleafcommerceWeb.Automation.DB5_BrowseProduct" tests="1" failures="0" timestamp="4 Jan 2015 17:53:49 GMT" time="30.121" errors="0">
  <testcase name="DB5_browseProduct" time="30.121" classname="BroadleafcommerceWeb.Automation.DB5_BrowseProduct"/>
</testsuite> <!-- BroadleafcommerceWeb.Automation.DB5_BrowseProduct -->
