<?xml version="1.0" encoding="UTF-8"?>
<!-- Generated by org.testng.reporters.JUnitReportReporter -->
<testsuite hostname="Chandra" name="BroadleafcommerceWeb.Automation.DB1_Guest_Checkout" tests="1" failures="0" timestamp="4 Jan 2015 17:53:49 GMT" time="38.451" errors="0">
  <testcase name="DB1_guest_checkout" time="38.451" classname="BroadleafcommerceWeb.Automation.DB1_Guest_Checkout"/>
</testsuite> <!-- BroadleafcommerceWeb.Automation.DB1_Guest_Checkout -->
